#
# A fatal error has been detected by the Java Runtime Environment:
#
#  EXCEPTION_ACCESS_VIOLATION (0xc0000005) at pc=0x0000000075fd9575, pid=8796, tid=0x00000000000041fc
#
# JRE version: Java(TM) SE Runtime Environment (8.0_92-b14) (build 1.8.0_92-b14)
# Java VM: Java HotSpot(TM) 64-Bit Server VM (25.92-b14 mixed mode windows-amd64 compressed oops)
# Problematic frame:
# V  [jvm.dll+0x129575]
#
# Failed to write core dump. Minidumps are not enabled by default on client versions of Windows
#
# If you would like to submit a bug report, please visit:
#   http://bugreport.java.com/bugreport/crash.jsp
#

---------------  T H R E A D  ---------------

Current thread (0x0000000017817800):  JavaThread "JDWP Transport Listener: dt_socket" daemon [_thread_in_vm, id=16892, stack(0x0000000018e70000,0x0000000018f70000)]

siginfo: ExceptionCode=0xc0000005, reading address 0xffffffffffffffff

Registers:
RAX=0x0000000018f6f301, RBX=0x0000000017817800, RCX=0x6172756769666e6f, RDX=0x0000000000000000
RSP=0x0000000018f6f310, RBP=0x6172756769666e6f, RSI=0x0000000018f6f428, RDI=0x0000000002a1a790
R8 =0x0000000017817800, R9 =0x0000000000000000, R10=0x0000000000000000, R11=0x0000000000000064
R12=0x0000000000000000, R13=0x0000000017818138, R14=0x0000000000000000, R15=0x0000000000000000
RIP=0x0000000075fd9575, EFLAGS=0x0000000000010206

Top of Stack: (sp=0x0000000018f6f310)
0x0000000018f6f310:   0000000017817800 0000000017817800
0x0000000018f6f320:   0000000018f6f3d8 00000000761dfbab
0x0000000018f6f330:   0000000017817800 00000000761fc40d
0x0000000018f6f340:   0000000000000000 0000000075db9155
0x0000000018f6f350:   0000000019b77008 0000000075dc291e
0x0000000018f6f360:   0000000017817800 0000000000000000
0x0000000018f6f370:   0000000000000000 0000000000000000
0x0000000018f6f380:   6172756769666e6f 0000000075dc1a15
0x0000000018f6f390:   0000000018f6f428 0000000018f6f400
0x0000000018f6f3a0:   0000000000000001 0000000019b77008
0x0000000018f6f3b0:   6172756769666e6f 0000000075da53b3
0x0000000018f6f3c0:   0000000018f6f4f0 0000000000000001
0x0000000018f6f3d0:   0000000000000001 0000000019b77008
0x0000000018f6f3e0:   0000000000000001 0000000000000000
0x0000000018f6f3f0:   0000000000000000 0000000000000000
0x0000000018f6f400:   0000000000000001 0000000075da5571 

Instructions: (pc=0x0000000075fd9575)
0x0000000075fd9555:   cc cc cc cc cc cc cc cc cc cc cc 48 83 ec 28 48
0x0000000075fd9565:   85 c9 75 07 33 c0 48 83 c4 28 c3 48 89 5c 24 20
0x0000000075fd9575:   48 8b 19 48 85 db 74 20 48 83 fb 37 74 1a 48 8b
0x0000000075fd9585:   13 48 8b cb ff 52 10 84 c0 74 0d 48 8b c3 48 8b 


Register to memory mapping:

RAX=0x0000000018f6f301 is pointing into the stack for thread: 0x0000000017817800
RBX=0x0000000017817800 is a thread
RCX=0x6172756769666e6f is an unknown value
RDX=0x0000000000000000 is an unknown value
RSP=0x0000000018f6f310 is pointing into the stack for thread: 0x0000000017817800
RBP=0x6172756769666e6f is an unknown value
RSI=0x0000000018f6f428 is pointing into the stack for thread: 0x0000000017817800
RDI=0x0000000002a1a790 is an unknown value
R8 =0x0000000017817800 is a thread
R9 =0x0000000000000000 is an unknown value
R10=0x0000000000000000 is an unknown value
R11=0x0000000000000064 is an unknown value
R12=0x0000000000000000 is an unknown value
R13=0x0000000017818138 is an unknown value
R14=0x0000000000000000 is an unknown value
R15=0x0000000000000000 is an unknown value


Stack: [0x0000000018e70000,0x0000000018f70000],  sp=0x0000000018f6f310,  free space=1020k
Native frames: (J=compiled Java code, j=interpreted, Vv=VM code, C=native code)
V  [jvm.dll+0x129575]
V  [jvm.dll+0x34c40d]
C  [jdwp.dll+0x21a15]
C  [jdwp.dll+0x53b3]
C  [jdwp.dll+0x5571]
C  [jdwp.dll+0xf0a8]
C  [jdwp.dll+0x1f2d5]
C  [jdwp.dll+0x1f4aa]
V  [jvm.dll+0x1bc3e8]
V  [jvm.dll+0x244314]
V  [jvm.dll+0x29b34a]
C  [msvcr100.dll+0x21d9f]
C  [msvcr100.dll+0x21e3b]
C  [KERNEL32.DLL+0x8364]
C  [ntdll.dll+0x65e91]


---------------  P R O C E S S  ---------------

Java Threads: ( => current thread )
  0x0000000019960800 JavaThread "derby.rawStoreDaemon" daemon [_thread_blocked, id=17072, stack(0x000000001b370000,0x000000001b470000)]
  0x000000001a2b8800 JavaThread "Timer-0" daemon [_thread_blocked, id=1212, stack(0x000000001b070000,0x000000001b170000)]
  0x0000000019f96000 JavaThread "Abandoned connection cleanup thread" daemon [_thread_blocked, id=3252, stack(0x000000001ad70000,0x000000001ae70000)]
  0x0000000019e9f000 JavaThread "ReaderThread" [_thread_in_native, id=7788, stack(0x000000001a670000,0x000000001a770000)]
  0x00000000198bf000 JavaThread "Service Thread" daemon [_thread_blocked, id=11320, stack(0x0000000019c70000,0x0000000019d70000)]
  0x000000001783b000 JavaThread "C1 CompilerThread2" daemon [_thread_blocked, id=3804, stack(0x0000000019770000,0x0000000019870000)]
  0x0000000017839800 JavaThread "C2 CompilerThread1" daemon [_thread_blocked, id=7140, stack(0x0000000019670000,0x0000000019770000)]
  0x0000000017834800 JavaThread "C2 CompilerThread0" daemon [_thread_blocked, id=15380, stack(0x0000000019570000,0x0000000019670000)]
  0x0000000017832000 JavaThread "JDWP Command Reader" daemon [_thread_in_native, id=9048, stack(0x0000000019470000,0x0000000019570000)]
  0x0000000017825800 JavaThread "JDWP Event Helper Thread" daemon [_thread_blocked, id=17200, stack(0x0000000019370000,0x0000000019470000)]
=>0x0000000017817800 JavaThread "JDWP Transport Listener: dt_socket" daemon [_thread_in_vm, id=16892, stack(0x0000000018e70000,0x0000000018f70000)]
  0x0000000017810000 JavaThread "Attach Listener" daemon [_thread_blocked, id=11028, stack(0x0000000018d70000,0x0000000018e70000)]
  0x000000001780d000 JavaThread "Signal Dispatcher" daemon [_thread_blocked, id=7472, stack(0x0000000018c70000,0x0000000018d70000)]
  0x00000000177fa800 JavaThread "Finalizer" daemon [_thread_blocked, id=8540, stack(0x0000000018a60000,0x0000000018b60000)]
  0x0000000002c11000 JavaThread "Reference Handler" daemon [_thread_blocked, id=13708, stack(0x0000000018960000,0x0000000018a60000)]
  0x0000000002b23000 JavaThread "main" [_thread_blocked, id=12872, stack(0x0000000002a20000,0x0000000002b20000)]

Other Threads:
  0x00000000177d7800 VMThread [stack: 0x0000000018860000,0x0000000018960000] [id=8392]
  0x00000000198cd800 WatcherThread [stack: 0x0000000019d70000,0x0000000019e70000] [id=3940]

VM state:not at safepoint (normal execution)

VM Mutex/Monitor currently owned by a thread: None

Heap:
 PSYoungGen      total 38400K, used 22757K [0x00000000d5700000, 0x00000000dbb00000, 0x0000000100000000)
  eden space 33280K, 68% used [0x00000000d5700000,0x00000000d6d39678,0x00000000d7780000)
  from space 5120K, 0% used [0x00000000d7780000,0x00000000d7780000,0x00000000d7c80000)
  to   space 17920K, 0% used [0x00000000da980000,0x00000000da980000,0x00000000dbb00000)
 ParOldGen       total 53248K, used 6102K [0x0000000080400000, 0x0000000083800000, 0x00000000d5700000)
  object space 53248K, 11% used [0x0000000080400000,0x00000000809f5828,0x0000000083800000)
 Metaspace       used 22661K, capacity 22858K, committed 23088K, reserved 1069056K
  class space    used 2770K, capacity 2861K, committed 2944K, reserved 1048576K

Card table byte_map: [0x0000000011fe0000,0x00000000123e0000] byte_map_base: 0x0000000011bde000

Marking Bits: (ParMarkBitMap*) 0x00000000766c64f0
 Begin Bits: [0x0000000012a90000, 0x0000000014a80000)
 End Bits:   [0x0000000014a80000, 0x0000000016a70000)

Polling page: 0x0000000000e10000

CodeCache: size=245760Kb used=1555Kb max_used=1555Kb free=244204Kb
 bounds [0x0000000002c20000, 0x0000000002e90000, 0x0000000011c20000]
 total_blobs=672 nmethods=186 adapters=407
 compilation: enabled

Compilation events (10 events):
Event: 0.337 Thread 0x000000001783b000 nmethod 136 0x0000000002d7a890 code [0x0000000002d7aa00, 0x0000000002d7aba8]
Event: 0.337 Thread 0x000000001783b000  138       3       java.net.URLStreamHandler::setURL (40 bytes)
Event: 0.338 Thread 0x000000001783b000 nmethod 138 0x0000000002d7ac50 code [0x0000000002d7ade0, 0x0000000002d7b218]
Event: 0.338 Thread 0x000000001783b000  139       3       java.util.concurrent.ConcurrentHashMap::casTabAt (20 bytes)
Event: 0.338 Thread 0x000000001783b000 nmethod 139 0x0000000002d7b450 code [0x0000000002d7b5a0, 0x0000000002d7b710]
Event: 0.338 Thread 0x000000001783b000  141   !   3       java.util.concurrent.ConcurrentHashMap::putVal (362 bytes)
Event: 0.340 Thread 0x000000001783b000 nmethod 141 0x0000000002d7bf10 code [0x0000000002d7c200, 0x0000000002d7dcd8]
Event: 0.340 Thread 0x000000001783b000  142       3       java.util.concurrent.ConcurrentHashMap$Node::<init> (26 bytes)
Event: 0.340 Thread 0x000000001783b000 nmethod 142 0x0000000002d7ea90 code [0x0000000002d7ebe0, 0x0000000002d7edd0]
Event: 0.343 Thread 0x0000000017834800 nmethod 131% 0x0000000002d823d0 code [0x0000000002d82540, 0x0000000002d82e78]

GC Heap History (10 events):
Event: 79.185 GC heap before
{Heap before GC invocations=2 (full 0):
 PSYoungGen      total 38400K, used 38399K [0x00000000d5700000, 0x00000000d8180000, 0x0000000100000000)
  eden space 33280K, 100% used [0x00000000d5700000,0x00000000d7780000,0x00000000d7780000)
  from space 5120K, 99% used [0x00000000d7780000,0x00000000d7c7fd48,0x00000000d7c80000)
  to   space 5120K, 0% used [0x00000000d7c80000,0x00000000d7c80000,0x00000000d8180000)
 ParOldGen       total 87552K, used 1609K [0x0000000080400000, 0x0000000085980000, 0x00000000d5700000)
  object space 87552K, 1% used [0x0000000080400000,0x0000000080592558,0x0000000085980000)
 Metaspace       used 15460K, capacity 15674K, committed 15872K, reserved 1062912K
  class space    used 1823K, capacity 1921K, committed 2048K, reserved 1048576K
Event: 79.191 GC heap after
Heap after GC invocations=2 (full 0):
 PSYoungGen      total 38400K, used 5118K [0x00000000d5700000, 0x00000000d8180000, 0x0000000100000000)
  eden space 33280K, 0% used [0x00000000d5700000,0x00000000d5700000,0x00000000d7780000)
  from space 5120K, 99% used [0x00000000d7c80000,0x00000000d817f918,0x00000000d8180000)
  to   space 5120K, 0% used [0x00000000d7780000,0x00000000d7780000,0x00000000d7c80000)
 ParOldGen       total 87552K, used 6652K [0x0000000080400000, 0x0000000085980000, 0x00000000d5700000)
  object space 87552K, 7% used [0x0000000080400000,0x0000000080a7f118,0x0000000085980000)
 Metaspace       used 15460K, capacity 15674K, committed 15872K, reserved 1062912K
  class space    used 1823K, capacity 1921K, committed 2048K, reserved 1048576K
}
Event: 79.435 GC heap before
{Heap before GC invocations=3 (full 0):
 PSYoungGen      total 38400K, used 38398K [0x00000000d5700000, 0x00000000d8180000, 0x0000000100000000)
  eden space 33280K, 100% used [0x00000000d5700000,0x00000000d7780000,0x00000000d7780000)
  from space 5120K, 99% used [0x00000000d7c80000,0x00000000d817f918,0x00000000d8180000)
  to   space 5120K, 0% used [0x00000000d7780000,0x00000000d7780000,0x00000000d7c80000)
 ParOldGen       total 87552K, used 6652K [0x0000000080400000, 0x0000000085980000, 0x00000000d5700000)
  object space 87552K, 7% used [0x0000000080400000,0x0000000080a7f118,0x0000000085980000)
 Metaspace       used 15460K, capacity 15674K, committed 15872K, reserved 1062912K
  class space    used 1823K, capacity 1921K, committed 2048K, reserved 1048576K
Event: 79.442 GC heap after
Heap after GC invocations=3 (full 0):
 PSYoungGen      total 38400K, used 5099K [0x00000000d5700000, 0x00000000d8180000, 0x0000000100000000)
  eden space 33280K, 0% used [0x00000000d5700000,0x00000000d5700000,0x00000000d7780000)
  from space 5120K, 99% used [0x00000000d7780000,0x00000000d7c7ada8,0x00000000d7c80000)
  to   space 5120K, 0% used [0x00000000d7c80000,0x00000000d7c80000,0x00000000d8180000)
 ParOldGen       total 87552K, used 17265K [0x0000000080400000, 0x0000000085980000, 0x00000000d5700000)
  object space 87552K, 19% used [0x0000000080400000,0x00000000814dc5e0,0x0000000085980000)
 Metaspace       used 15460K, capacity 15674K, committed 15872K, reserved 1062912K
  class space    used 1823K, capacity 1921K, committed 2048K, reserved 1048576K
}
Event: 80.426 GC heap before
{Heap before GC invocations=4 (full 0):
 PSYoungGen      total 38400K, used 38379K [0x00000000d5700000, 0x00000000d8180000, 0x0000000100000000)
  eden space 33280K, 100% used [0x00000000d5700000,0x00000000d7780000,0x00000000d7780000)
  from space 5120K, 99% used [0x00000000d7780000,0x00000000d7c7ada8,0x00000000d7c80000)
  to   space 5120K, 0% used [0x00000000d7c80000,0x00000000d7c80000,0x00000000d8180000)
 ParOldGen       total 87552K, used 17265K [0x0000000080400000, 0x0000000085980000, 0x00000000d5700000)
  object space 87552K, 19% used [0x0000000080400000,0x00000000814dc5e0,0x0000000085980000)
 Metaspace       used 20214K, capacity 20434K, committed 20736K, reserved 1067008K
  class space    used 2440K, capacity 2505K, committed 2560K, reserved 1048576K
Event: 80.434 GC heap after
Heap after GC invocations=4 (full 0):
 PSYoungGen      total 38400K, used 5088K [0x00000000d5700000, 0x00000000d8180000, 0x0000000100000000)
  eden space 33280K, 0% used [0x00000000d5700000,0x00000000d5700000,0x00000000d7780000)
  from space 5120K, 99% used [0x00000000d7c80000,0x00000000d8178090,0x00000000d8180000)
  to   space 5120K, 0% used [0x00000000d7780000,0x00000000d7780000,0x00000000d7c80000)
 ParOldGen       total 87552K, used 24746K [0x0000000080400000, 0x0000000085980000, 0x00000000d5700000)
  object space 87552K, 28% used [0x0000000080400000,0x0000000081c2aa58,0x0000000085980000)
 Metaspace       used 20214K, capacity 20434K, committed 20736K, reserved 1067008K
  class space    used 2440K, capacity 2505K, committed 2560K, reserved 1048576K
}
Event: 80.568 GC heap before
{Heap before GC invocations=5 (full 0):
 PSYoungGen      total 38400K, used 9077K [0x00000000d5700000, 0x00000000d8180000, 0x0000000100000000)
  eden space 33280K, 11% used [0x00000000d5700000,0x00000000d5ae5420,0x00000000d7780000)
  from space 5120K, 99% used [0x00000000d7c80000,0x00000000d8178090,0x00000000d8180000)
  to   space 5120K, 0% used [0x00000000d7780000,0x00000000d7780000,0x00000000d7c80000)
 ParOldGen       total 87552K, used 24746K [0x0000000080400000, 0x0000000085980000, 0x00000000d5700000)
  object space 87552K, 28% used [0x0000000080400000,0x0000000081c2aa58,0x0000000085980000)
 Metaspace       used 20871K, capacity 21074K, committed 21296K, reserved 1069056K
  class space    used 2524K, capacity 2633K, committed 2688K, reserved 1048576K
Event: 80.571 GC heap after
Heap after GC invocations=5 (full 0):
 PSYoungGen      total 38400K, used 5104K [0x00000000d5700000, 0x00000000dbb00000, 0x0000000100000000)
  eden space 33280K, 0% used [0x00000000d5700000,0x00000000d5700000,0x00000000d7780000)
  from space 5120K, 99% used [0x00000000d7780000,0x00000000d7c7c0a0,0x00000000d7c80000)
  to   space 17920K, 0% used [0x00000000da980000,0x00000000da980000,0x00000000dbb00000)
 ParOldGen       total 87552K, used 25250K [0x0000000080400000, 0x0000000085980000, 0x00000000d5700000)
  object space 87552K, 28% used [0x0000000080400000,0x0000000081ca8a50,0x0000000085980000)
 Metaspace       used 20871K, capacity 21074K, committed 21296K, reserved 1069056K
  class space    used 2524K, capacity 2633K, committed 2688K, reserved 1048576K
}
Event: 80.571 GC heap before
{Heap before GC invocations=6 (full 1):
 PSYoungGen      total 38400K, used 5104K [0x00000000d5700000, 0x00000000dbb00000, 0x0000000100000000)
  eden space 33280K, 0% used [0x00000000d5700000,0x00000000d5700000,0x00000000d7780000)
  from space 5120K, 99% used [0x00000000d7780000,0x00000000d7c7c0a0,0x00000000d7c80000)
  to   space 17920K, 0% used [0x00000000da980000,0x00000000da980000,0x00000000dbb00000)
 ParOldGen       total 87552K, used 25250K [0x0000000080400000, 0x0000000085980000, 0x00000000d5700000)
  object space 87552K, 28% used [0x0000000080400000,0x0000000081ca8a50,0x0000000085980000)
 Metaspace       used 20871K, capacity 21074K, committed 21296K, reserved 1069056K
  class space    used 2524K, capacity 2633K, committed 2688K, reserved 1048576K
Event: 80.587 GC heap after
Heap after GC invocations=6 (full 1):
 PSYoungGen      total 38400K, used 0K [0x00000000d5700000, 0x00000000dbb00000, 0x0000000100000000)
  eden space 33280K, 0% used [0x00000000d5700000,0x00000000d5700000,0x00000000d7780000)
  from space 5120K, 0% used [0x00000000d7780000,0x00000000d7780000,0x00000000d7c80000)
  to   space 17920K, 0% used [0x00000000da980000,0x00000000da980000,0x00000000dbb00000)
 ParOldGen       total 53248K, used 6102K [0x0000000080400000, 0x0000000083800000, 0x00000000d5700000)
  object space 53248K, 11% used [0x0000000080400000,0x00000000809f5828,0x0000000083800000)
 Metaspace       used 20871K, capacity 21074K, committed 21296K, reserved 1069056K
  class space    used 2524K, capacity 2633K, committed 2688K, reserved 1048576K
}

Deoptimization events (1 events):
Event: 0.309 Thread 0x0000000002b23000 Uncommon trap: reason=unstable_if action=reinterpret pc=0x0000000002d4363c method=java.lang.String.hashCode()I @ 14

Internal exceptions (10 events):
Event: 80.046 Thread 0x0000000002b23000 Exception <a 'java/lang/ArrayIndexOutOfBoundsException': 71> (0x00000000d6f17688) thrown at [D:\re\workspace\8-2-build-windows-amd64-cygwin\jdk8u92\6642\hotspot\src\share\vm\interpreter\interpreterRuntime.cpp, line 366]
Event: 80.047 Thread 0x0000000002b23000 Exception <a 'java/lang/ArrayIndexOutOfBoundsException': 18> (0x00000000d6f185e8) thrown at [D:\re\workspace\8-2-build-windows-amd64-cygwin\jdk8u92\6642\hotspot\src\share\vm\interpreter\interpreterRuntime.cpp, line 366]
Event: 80.047 Thread 0x0000000002b23000 Exception <a 'java/lang/ArrayIndexOutOfBoundsException': 60> (0x00000000d6f19970) thrown at [D:\re\workspace\8-2-build-windows-amd64-cygwin\jdk8u92\6642\hotspot\src\share\vm\interpreter\interpreterRuntime.cpp, line 366]
Event: 80.048 Thread 0x0000000002b23000 Exception <a 'java/lang/ArrayIndexOutOfBoundsException': 71> (0x00000000d6f1b558) thrown at [D:\re\workspace\8-2-build-windows-amd64-cygwin\jdk8u92\6642\hotspot\src\share\vm\interpreter\interpreterRuntime.cpp, line 366]
Event: 80.064 Thread 0x0000000002b23000 Exception <a 'java/lang/ArrayIndexOutOfBoundsException': 38> (0x00000000d6f41ee8) thrown at [D:\re\workspace\8-2-build-windows-amd64-cygwin\jdk8u92\6642\hotspot\src\share\vm\interpreter\interpreterRuntime.cpp, line 366]
Event: 80.064 Thread 0x0000000002b23000 Exception <a 'java/lang/ArrayIndexOutOfBoundsException': 67> (0x00000000d6f43338) thrown at [D:\re\workspace\8-2-build-windows-amd64-cygwin\jdk8u92\6642\hotspot\src\share\vm\interpreter\interpreterRuntime.cpp, line 366]
Event: 80.065 Thread 0x0000000002b23000 Exception <a 'java/lang/ArrayIndexOutOfBoundsException': 55> (0x00000000d6f44e98) thrown at [D:\re\workspace\8-2-build-windows-amd64-cygwin\jdk8u92\6642\hotspot\src\share\vm\interpreter\interpreterRuntime.cpp, line 366]
Event: 80.082 Thread 0x0000000002b23000 Exception <a 'java/lang/ArrayIndexOutOfBoundsException': 38> (0x00000000d6f6a9f0) thrown at [D:\re\workspace\8-2-build-windows-amd64-cygwin\jdk8u92\6642\hotspot\src\share\vm\interpreter\interpreterRuntime.cpp, line 366]
Event: 80.091 Thread 0x0000000002b23000 Exception <a 'java/lang/ArrayIndexOutOfBoundsException': 49> (0x00000000d6f7a318) thrown at [D:\re\workspace\8-2-build-windows-amd64-cygwin\jdk8u92\6642\hotspot\src\share\vm\interpreter\interpreterRuntime.cpp, line 366]
Event: 80.296 Thread 0x0000000002b23000 Exception <a 'java/security/PrivilegedActionException'> (0x00000000d730f890) thrown at [D:\re\workspace\8-2-build-windows-amd64-cygwin\jdk8u92\6642\hotspot\src\share\vm\prims\jvm.cpp, line 1386]

Events (10 events):
Event: 82.455 Executing VM operation: GetOrSetLocal
Event: 82.455 Executing VM operation: GetOrSetLocal done
Event: 82.456 Executing VM operation: GetOrSetLocal
Event: 82.456 Executing VM operation: GetOrSetLocal done
Event: 90.327 Executing VM operation: RevokeBias
Event: 90.327 Executing VM operation: RevokeBias done
Event: 317.778 Executing VM operation: ChangeBreakpoints
Event: 317.778 Executing VM operation: ChangeBreakpoints done
Event: 317.849 Executing VM operation: RedefineClasses
Event: 317.852 Executing VM operation: RedefineClasses done


Dynamic libraries:
0x00007ff688ac0000 - 0x00007ff688af7000 	C:\Program Files\Java\jre1.8.0_92\bin\javaw.exe
0x00007ffd585b0000 - 0x00007ffd58781000 	C:\WINDOWS\SYSTEM32\ntdll.dll
0x00007ffd56440000 - 0x00007ffd564eb000 	C:\WINDOWS\System32\KERNEL32.DLL
0x00007ffd55190000 - 0x00007ffd553ad000 	C:\WINDOWS\System32\KERNELBASE.dll
0x00007ffd567c0000 - 0x00007ffd56862000 	C:\WINDOWS\System32\ADVAPI32.dll
0x00007ffd55b40000 - 0x00007ffd55bde000 	C:\WINDOWS\System32\msvcrt.dll
0x00007ffd55cb0000 - 0x00007ffd55d09000 	C:\WINDOWS\System32\sechost.dll
0x00007ffd568a0000 - 0x00007ffd569c1000 	C:\WINDOWS\System32\RPCRT4.dll
0x00007ffd56510000 - 0x00007ffd56675000 	C:\WINDOWS\System32\USER32.dll
0x00007ffd550c0000 - 0x00007ffd550de000 	C:\WINDOWS\System32\win32u.dll
0x00007ffd55d20000 - 0x00007ffd55d54000 	C:\WINDOWS\System32\GDI32.dll
0x00007ffd54dc0000 - 0x00007ffd54f42000 	C:\WINDOWS\System32\gdi32full.dll
0x00007ffd4f350000 - 0x00007ffd4f5c9000 	C:\WINDOWS\WinSxS\amd64_microsoft.windows.common-controls_6595b64144ccf1df_6.0.14393.0_none_2d0f50fcbdb171b8\COMCTL32.dll
0x00007ffd56d30000 - 0x00007ffd56ff7000 	C:\WINDOWS\System32\combase.dll
0x00007ffd54aa0000 - 0x00007ffd54b95000 	C:\WINDOWS\System32\ucrtbase.dll
0x00007ffd55050000 - 0x00007ffd550ba000 	C:\WINDOWS\System32\bcryptPrimitives.dll
0x00007ffd56870000 - 0x00007ffd5689e000 	C:\WINDOWS\System32\IMM32.DLL
0x0000000075c30000 - 0x0000000075d02000 	C:\Program Files\Java\jre1.8.0_92\bin\msvcr100.dll
0x0000000075eb0000 - 0x0000000076746000 	C:\Program Files\Java\jre1.8.0_92\bin\server\jvm.dll
0x00007ffd55d10000 - 0x00007ffd55d18000 	C:\WINDOWS\System32\PSAPI.DLL
0x00007ffd4b430000 - 0x00007ffd4b439000 	C:\WINDOWS\SYSTEM32\WSOCK32.dll
0x00007ffd52910000 - 0x00007ffd52933000 	C:\WINDOWS\SYSTEM32\WINMM.dll
0x00007ffd55f40000 - 0x00007ffd55faa000 	C:\WINDOWS\System32\WS2_32.dll
0x00007ffd51910000 - 0x00007ffd5191a000 	C:\WINDOWS\SYSTEM32\VERSION.dll
0x00007ffd528e0000 - 0x00007ffd5290b000 	C:\WINDOWS\SYSTEM32\WINMMBASE.dll
0x00007ffd54d70000 - 0x00007ffd54db2000 	C:\WINDOWS\System32\cfgmgr32.dll
0x0000000050000000 - 0x000000005000f000 	C:\Program Files\Java\jre1.8.0_92\bin\verify.dll
0x0000000075e80000 - 0x0000000075ea9000 	C:\Program Files\Java\jre1.8.0_92\bin\java.dll
0x0000000075da0000 - 0x0000000075dd5000 	C:\Program Files\Java\jre1.8.0_92\bin\jdwp.dll
0x0000000075d90000 - 0x0000000075d98000 	C:\Program Files\Java\jre1.8.0_92\bin\npt.dll
0x0000000075e60000 - 0x0000000075e76000 	C:\Program Files\Java\jre1.8.0_92\bin\zip.dll
0x00007ffd57000000 - 0x00007ffd58508000 	C:\WINDOWS\System32\SHELL32.dll
0x00007ffd55460000 - 0x00007ffd55b3a000 	C:\WINDOWS\System32\windows.storage.dll
0x00007ffd54a10000 - 0x00007ffd54a5c000 	C:\WINDOWS\System32\powrprof.dll
0x00007ffd563e0000 - 0x00007ffd56432000 	C:\WINDOWS\System32\shlwapi.dll
0x00007ffd54a80000 - 0x00007ffd54a8f000 	C:\WINDOWS\System32\kernel.appcore.dll
0x00007ffd553b0000 - 0x00007ffd55459000 	C:\WINDOWS\System32\shcore.dll
0x00007ffd54a60000 - 0x00007ffd54a74000 	C:\WINDOWS\System32\profapi.dll
0x0000000075d80000 - 0x0000000075d89000 	C:\Program Files\Java\jre1.8.0_92\bin\dt_socket.dll
0x00007ffd459f0000 - 0x00007ffd45a06000 	C:\WINDOWS\system32\napinsp.dll
0x00007ffd459d0000 - 0x00007ffd459ea000 	C:\WINDOWS\system32\pnrpnsp.dll
0x00007ffd51510000 - 0x00007ffd51528000 	C:\WINDOWS\system32\NLAapi.dll
0x00007ffd54160000 - 0x00007ffd541bc000 	C:\WINDOWS\System32\mswsock.dll
0x00007ffd53f30000 - 0x00007ffd53fd0000 	C:\WINDOWS\SYSTEM32\DNSAPI.dll
0x00007ffd55f30000 - 0x00007ffd55f38000 	C:\WINDOWS\System32\NSI.dll
0x00007ffd53ef0000 - 0x00007ffd53f28000 	C:\WINDOWS\SYSTEM32\IPHLPAPI.DLL
0x00007ffd459c0000 - 0x00007ffd459ce000 	C:\WINDOWS\System32\winrnr.dll
0x00007ffd459a0000 - 0x00007ffd459b5000 	C:\WINDOWS\System32\wshbth.dll
0x0000000050210000 - 0x0000000050236000 	C:\Program Files\Bonjour\mdnsNSP.dll
0x00007ffd50910000 - 0x00007ffd5097a000 	C:\WINDOWS\System32\fwpuclnt.dll
0x00007ffd54950000 - 0x00007ffd5497b000 	C:\WINDOWS\SYSTEM32\bcrypt.dll
0x00007ffd4fad0000 - 0x00007ffd4fada000 	C:\Windows\System32\rasadhlp.dll
0x0000000075e40000 - 0x0000000075e5a000 	C:\Program Files\Java\jre1.8.0_92\bin\net.dll
0x0000000075df0000 - 0x0000000075e14000 	C:\Program Files\Java\jre1.8.0_92\bin\sunec.dll
0x0000000075d70000 - 0x0000000075d7d000 	C:\Program Files\Java\jre1.8.0_92\bin\management.dll
0x0000000075e20000 - 0x0000000075e31000 	C:\Program Files\Java\jre1.8.0_92\bin\nio.dll
0x00007ffd506a0000 - 0x00007ffd50832000 	C:\WINDOWS\SYSTEM32\dbghelp.dll

VM Arguments:
jvm_args: -agentlib:jdwp=transport=dt_socket,suspend=y,address=localhost:56853 -ea -Dfile.encoding=Cp1252 -Xbootclasspath:C:\Program Files\Java\jre1.8.0_92\lib\resources.jar;C:\Program Files\Java\jre1.8.0_92\lib\rt.jar;C:\Program Files\Java\jre1.8.0_92\lib\jsse.jar;C:\Program Files\Java\jre1.8.0_92\lib\jce.jar;C:\Program Files\Java\jre1.8.0_92\lib\charsets.jar;C:\Program Files\Java\jre1.8.0_92\lib\jfr.jar;C:\Program Files\Java\jdk1.8.0_92\lib\tools.jar 
java_command: org.eclipse.jdt.internal.junit.runner.RemoteTestRunner -version 3 -port 56852 -testLoaderClass org.eclipse.jdt.internal.junit4.runner.JUnit4TestLoader -loaderpluginname org.eclipse.jdt.junit4.runtime -classNames repository.TermDAOTest
java_class_path (initial): C:\Users\Matti\git\LexiconMvpDB\LexikonMvpSoftwareDB\target\test-classes;C:\Users\Matti\git\LexiconMvpDB\LexikonMvpSoftwareDB\target\classes;C:\eclipse\Workspace\mockito\lib\powermock-core-1.6.5.jar;C:\Users\Matti\.m2\repository\junit\junit\4.12\junit-4.12.jar;C:\Users\Matti\.m2\repository\org\hamcrest\hamcrest-core\1.3\hamcrest-core-1.3.jar;C:\Users\Matti\.m2\repository\org\hamcrest\hamcrest-all\1.3\hamcrest-all-1.3.jar;C:\Users\Matti\.m2\repository\mysql\mysql-connector-java\6.0.4\mysql-connector-java-6.0.4.jar;C:\Users\Matti\.m2\repository\org\mockito\mockito-all\2.0.2-beta\mockito-all-2.0.2-beta.jar;C:\Users\Matti\.m2\repository\org\eclipse\persistence\javax.persistence\2.1.1\javax.persistence-2.1.1.jar;C:\Users\Matti\.m2\repository\org\eclipse\persistence\eclipselink\2.6.4\eclipselink-2.6.4.jar;C:\Users\Matti\.m2\repository\org\eclipse\persistence\commonj.sdo\2.1.1\commonj.sdo-2.1.1.jar;C:\Users\Matti\.m2\repository\javax\validation\validation-api\1.1.0.Final\validation-api-1.1.0.Final.jar;C:\Users\Matti\.m2\repository\org\glassfish\javax.json\1.0.4\javax.json-1.0.4.jar;C:\Users\Matti\.m2\repository\org\apache\derby\derbyLocale_de_DE\10.12.1.1\derbyLocale_de_DE-10.12.1.1.jar;C:\Users\Matti\.m2\repository\org\apache\derby\derby\10.12.1.1\derby-10.12.1.1.jar;C:\Users\Matti\.m2\repository\org\apache\derby\derbyclient\10.12.1.1\derbyclient-10.12.1.1.jar;C:\Users\Matti\.m2\repository\org\apache\derby\derbytools\10.12.1.1\derbytools-10.12.1.1.jar;C:\Users\Matti\.m2\repository\org\dbunit\dbunit\2.5.3\dbunit-2.5.3.jar;C:\Users\Matti\.m2\repository\org\slf4j\slf4j-api\1.7.21\slf4j-api-1.7.21.jar;C:\Users\Matti\.m2\repository\commons-collections\commons-collections\3.2.2\commons-collections-3.2.2.jar;C:\Users\Matti\.m2\repository\org\apache\poi\poi-ooxml\3.14\poi-ooxml-3.14.jar;C:\Users\Matti\.m2\repository\org\apache\poi\poi\3.14\poi-3.14.jar;C:\Users\Matti\.m2\repository\commons-codec\commons-codec\1.10\commons-codec-1.10.jar;C:\Users\Matti
Launcher Type: SUN_STANDARD

Environment Variables:
JAVA_HOME=C:\Program Files\Java\jdk1.8.0_92
PATH=C:/Program Files/Java/jre1.8.0_92/bin/server;C:/Program Files/Java/jre1.8.0_92/bin;C:/Program Files/Java/jre1.8.0_92/lib/amd64;C:\ProgramData\Oracle\Java\javapath;C:\WINDOWS\system32;C:\WINDOWS;C:\WINDOWS\System32\Wbem;C:\WINDOWS\System32\WindowsPowerShell\v1.0\;C:\Program Files\Calibre2\;C:\Program Files\Java\jdk1.8.0_92\bin;C:\Users\Matti\AppData\Local\Microsoft\WindowsApps;;C:\eclipse;
USERNAME=Matti
OS=Windows_NT
PROCESSOR_IDENTIFIER=Intel64 Family 6 Model 42 Stepping 7, GenuineIntel



---------------  S Y S T E M  ---------------

OS: Windows 10.0 , 64 bit Build 14393 (10.0.14393.0)

CPU:total 4 (4 cores per cpu, 1 threads per core) family 6 model 42 stepping 7, cmov, cx8, fxsr, mmx, sse, sse2, sse3, ssse3, sse4.1, sse4.2, popcnt, avx, aes, clmul, tsc, tscinvbit

Memory: 4k page, physical 8368292k(3992284k free), swap 9679012k(1677256k free)

vm_info: Java HotSpot(TM) 64-Bit Server VM (25.92-b14) for windows-amd64 JRE (1.8.0_92-b14), built on Mar 31 2016 21:03:04 by "java_re" with MS VC++ 10.0 (VS2010)

time: Tue Oct 25 19:56:02 2016
elapsed time: 317 seconds (0d 0h 5m 17s)

